<?xml version="1.0" encoding="utf-8"?><testsuites name="pytest tests"><testsuite name="pytest" errors="0" failures="1" skipped="0" tests="6" time="1.481" timestamp="2026-09-11T10:46:58.014809+00:00" hostname="run-execution-zxisno20bmoh-0"><testcase classname="tests.unit.sparams.test_msl_passivity_enforcement" name="test_near_passive_complex_projection_preserves_the_measured_matrix[2-cpu]" time="0.133" /><testcase classname="tests.unit.sparams.test_msl_passivity_enforcement" name="test_near_passive_complex_projection_preserves_the_measured_matrix[2-gpu]" time="0.464" /><testcase classname="tests.unit.sparams.test_msl_passivity_enforcement" name="test_near_passive_complex_projection_preserves_the_measured_matrix[8-cpu]" time="0.104" /><testcase classname="tests.unit.sparams.test_msl_passivity_enforcement" name="test_near_passive_complex_projection_preserves_the_measured_matrix[8-gpu]" time="0.254" /><testcase classname="tests.unit.sparams.test_msl_passivity_enforcement" name="test_near_passive_complex_projection_preserves_the_measured_matrix[32-cpu]" time="0.122" /><testcase classname="tests.unit.sparams.test_msl_passivity_enforcement" name="test_near_passive_complex_projection_preserves_the_measured_matrix[32-gpu]" time="0.275"><failure message="AssertionError: assert 1.0000030741241774 &lt;= 1.0&#10; +  where 1.0000030741241774 = &lt;function max at 0x7f370372adb0&gt;(array([[1.00000227, 1.00000051, 1.00000023, 0.99999963, 0.999999  ,\n        0.99999839, 0.99999831, 0.99999786, 0.99999715, 0.99999678,\n        0.99999661, 0.99999584, 0.99999541, 0.999995  , 0.99999465,\n        0.99999449, 0.99997632, 0.99991605, 0.9998445 , 0.99978687,\n        0.9997221 , 0.99965475, 0.99958674, 0.9995249 , 0.99946362,\n        0.99940417, 0.99933467, 0.99927323, 0.9992113 , 0.99914361,\n        0.99908081, 0.99900987],\n       [1.00000203, 1.00000078, 1.00000017, 0.99999983, 0.99999941,\n        0.99999916, 0.99999886, 0.99999823, 0.99999796, 0.99999753,\n        0.99999713, 0.99999664, 0.99999632, 0.99999605, 0.99999483,\n        0.9999938 , 0.99998079, 0.99991797, 0.99985446, 0.9997858 ,\n        0.99971745, 0.9996589 , 0.9995922 , 0.99953111, 0.99946401,\n        0.99939888, 0.99932949, 0.9992691 , 0.99920756, 0.99914032,\n        0.99907648, 0.99900921],\n       [1.00000152, 1.00000116, 1.00000021, 0.99999953, 0.9999992 ,\n        0.99999887, 0.99999851, 0.99999816, 0.99999758, 0.99999729,\n        0.99999708, 0.99999643, 0.9999961 , 0.99999564, 0.99999531,\n        0.99999492, 0.99997703, 0.99991439, 0.99984681, 0.9997867 ,\n        0.99972371, 0.99965599, 0.99959388, 0.99953111, 0.99946535,\n        0.9993994 , 0.99933727, 0.99927163, 0.99921369, 0.99914337,\n        0.99907862, 0.99901028],\n       [1.00000208, 1.00000115, 1.00000039, 1.00000006, 0.99999982,\n        0.99999923, 0.99999857, 0.99999816, 0.99999768, 0.99999727,\n        0.99999642, 0.99999609, 0.99999579, 0.99999489, 0.99999436,\n        0.999993  , 0.99998076, 0.99991062, 0.99985098, 0.99977947,\n        0.99971905, 0.99965636, 0.99959094, 0.99953273, 0.99946604,\n        0.99939863, 0.99933636, 0.99926125, 0.99920579, 0.99914805,\n        0.99907364, 0.99901641],\n       [1.00000221, 1.00000107, 1.00000025, 0.99999939, 0.99999909,\n        0.99999866, 0.99999836, 0.99999786, 0.99999733, 0.99999689,\n        0.99999648, 0.99999586, 0.9999952 , 0.99999491, 0.9999944 ,\n        0.99999372, 0.9999793 , 0.99991317, 0.99985409, 0.99978383,\n        0.99972867, 0.99965655, 0.99959246, 0.99952168, 0.99946052,\n        0.99940216, 0.99934069, 0.99926996, 0.9992074 , 0.99914378,\n        0.99907761, 0.99900808],\n       [1.00000222, 1.00000177, 1.00000064, 0.99999975, 0.99999925,\n        0.99999913, 0.99999866, 0.99999825, 0.99999752, 0.99999716,\n        0.99999687, 0.99999646, 0.99999603, 0.99999558, 0.9999953 ,\n        0.99999429, 0.99997869, 0.99991407, 0.99984787, 0.9997837 ,\n        0.99972147, 0.99965555, 0.99959241, 0.99953066, 0.99945977,\n        0.99939639, 0.99933092, 0.99927107, 0.99920815, 0.99913905,\n        0.99907631, 0.99900868],\n       [1.00000307, 1.00000211, 1.00000063, 1.00000018, 0.99999924,\n        0.99999861, 0.99999794, 0.99999785, 0.99999734, 0.99999706,\n        0.99999634, 0.99999593, 0.99999552, 0.9999949 , 0.99999404,\n        0.99999293, 0.99997981, 0.9999154 , 0.99985334, 0.99978747,\n        0.99972054, 0.99965302, 0.99959235, 0.99952974, 0.99946079,\n        0.99939357, 0.99933656, 0.99926825, 0.99920578, 0.99913909,\n        0.999076  , 0.99901064],\n       [1.00000238, 1.00000178, 1.00000109, 1.00000029, 0.99999977,\n        0.99999942, 0.99999889, 0.99999843, 0.99999819, 0.99999768,\n        0.99999705, 0.99999667, 0.99999605, 0.99999527, 0.99999461,\n        0.99999422, 0.99998321, 0.99991489, 0.99985218, 0.99978739,\n        0.99971916, 0.99965898, 0.99958923, 0.99952807, 0.99946471,\n        0.99939615, 0.99933346, 0.99927274, 0.9992061 , 0.99914018,\n        0.9990803 , 0.99901099],\n       [1.00000168, 1.00000049, 1.0000002 , 0.99999904, 0.99999856,\n        0.99999813, 0.99999787, 0.99999731, 0.9999967 , 0.99999629,\n        0.99999576, 0.99999498, 0.99999464, 0.99999378, 0.99999357,\n        0.99999179, 0.99997831, 0.99991074, 0.99985101, 0.99978422,\n        0.99972125, 0.99964933, 0.99959434, 0.99952466, 0.99946347,\n        0.99940213, 0.99933302, 0.99927088, 0.99920544, 0.99913659,\n        0.99907633, 0.99901272],\n       [1.00000291, 1.0000021 , 1.00000155, 1.00000113, 1.0000003 ,\n        0.99999996, 0.99999969, 0.99999935, 0.9999986 , 0.99999817,\n        0.99999789, 0.9999975 , 0.99999684, 0.99999641, 0.99999585,\n        0.99999525, 0.99998328, 0.99991789, 0.99985097, 0.99978628,\n        0.99971963, 0.9996646 , 0.99959726, 0.9995276 , 0.99946774,\n        0.99939988, 0.99932682, 0.99926691, 0.99919692, 0.99914213,\n        0.99908001, 0.99901094],\n       [1.00000097, 1.00000009, 0.9999997 , 0.99999889, 0.99999837,\n        0.99999805, 0.99999751, 0.9999971 , 0.99999677, 0.99999664,\n        0.99999616, 0.99999561, 0.99999545, 0.99999472, 0.99999407,\n        0.99999306, 0.99997615, 0.99991341, 0.99985058, 0.99978313,\n        0.99972624, 0.99965825, 0.99959339, 0.99952669, 0.99945918,\n        0.99939831, 0.99933685, 0.99926698, 0.9992073 , 0.99914174,\n        0.99907056, 0.99901243],\n       [1.00000094, 1.00000061, 1.00000014, 0.99999968, 0.99999916,\n        0.99999848, 0.99999804, 0.99999775, 0.99999744, 0.99999715,\n        0.99999633, 0.99999611, 0.99999594, 0.99999524, 0.99999431,\n        0.99999347, 0.99998152, 0.99991787, 0.99984886, 0.99978551,\n        0.99972232, 0.99965627, 0.99959107, 0.99952526, 0.99946234,\n        0.99940211, 0.99933847, 0.9992726 , 0.99920147, 0.99914349,\n        0.99908067, 0.99901653]]))&#10; +    where &lt;function max at 0x7f370372adb0&gt; = np.max&#10; +    and   array([[1.00000227, 1.00000051, 1.00000023, 0.99999963, 0.999999  ,\n        0.99999839, 0.99999831, 0.99999786, 0.99999715, 0.99999678,\n        0.99999661, 0.99999584, 0.99999541, 0.999995  , 0.99999465,\n        0.99999449, 0.99997632, 0.99991605, 0.9998445 , 0.99978687,\n        0.9997221 , 0.99965475, 0.99958674, 0.9995249 , 0.99946362,\n        0.99940417, 0.99933467, 0.99927323, 0.9992113 , 0.99914361,\n        0.99908081, 0.99900987],\n       [1.00000203, 1.00000078, 1.00000017, 0.99999983, 0.99999941,\n        0.99999916, 0.99999886, 0.99999823, 0.99999796, 0.99999753,\n        0.99999713, 0.99999664, 0.99999632, 0.99999605, 0.99999483,\n        0.9999938 , 0.99998079, 0.99991797, 0.99985446, 0.9997858 ,\n        0.99971745, 0.9996589 , 0.9995922 , 0.99953111, 0.99946401,\n        0.99939888, 0.99932949, 0.9992691 , 0.99920756, 0.99914032,\n        0.99907648, 0.99900921],\n       [1.00000152, 1.00000116, 1.00000021, 0.99999953, 0.9999992 ,\n        0.99999887, 0.99999851, 0.99999816, 0.99999758, 0.99999729,\n        0.99999708, 0.99999643, 0.9999961 , 0.99999564, 0.99999531,\n        0.99999492, 0.99997703, 0.99991439, 0.99984681, 0.9997867 ,\n        0.99972371, 0.99965599, 0.99959388, 0.99953111, 0.99946535,\n        0.9993994 , 0.99933727, 0.99927163, 0.99921369, 0.99914337,\n        0.99907862, 0.99901028],\n       [1.00000208, 1.00000115, 1.00000039, 1.00000006, 0.99999982,\n        0.99999923, 0.99999857, 0.99999816, 0.99999768, 0.99999727,\n        0.99999642, 0.99999609, 0.99999579, 0.99999489, 0.99999436,\n        0.999993  , 0.99998076, 0.99991062, 0.99985098, 0.99977947,\n        0.99971905, 0.99965636, 0.99959094, 0.99953273, 0.99946604,\n        0.99939863, 0.99933636, 0.99926125, 0.99920579, 0.99914805,\n        0.99907364, 0.99901641],\n       [1.00000221, 1.00000107, 1.00000025, 0.99999939, 0.99999909,\n        0.99999866, 0.99999836, 0.99999786, 0.99999733, 0.99999689,\n        0.99999648, 0.99999586, 0.9999952 , 0.99999491, 0.9999944 ,\n        0.99999372, 0.9999793 , 0.99991317, 0.99985409, 0.99978383,\n        0.99972867, 0.99965655, 0.99959246, 0.99952168, 0.99946052,\n        0.99940216, 0.99934069, 0.99926996, 0.9992074 , 0.99914378,\n        0.99907761, 0.99900808],\n       [1.00000222, 1.00000177, 1.00000064, 0.99999975, 0.99999925,\n        0.99999913, 0.99999866, 0.99999825, 0.99999752, 0.99999716,\n        0.99999687, 0.99999646, 0.99999603, 0.99999558, 0.9999953 ,\n        0.99999429, 0.99997869, 0.99991407, 0.99984787, 0.9997837 ,\n        0.99972147, 0.99965555, 0.99959241, 0.99953066, 0.99945977,\n        0.99939639, 0.99933092, 0.99927107, 0.99920815, 0.99913905,\n        0.99907631, 0.99900868],\n       [1.00000307, 1.00000211, 1.00000063, 1.00000018, 0.99999924,\n        0.99999861, 0.99999794, 0.99999785, 0.99999734, 0.99999706,\n        0.99999634, 0.99999593, 0.99999552, 0.9999949 , 0.99999404,\n        0.99999293, 0.99997981, 0.9999154 , 0.99985334, 0.99978747,\n        0.99972054, 0.99965302, 0.99959235, 0.99952974, 0.99946079,\n        0.99939357, 0.99933656, 0.99926825, 0.99920578, 0.99913909,\n        0.999076  , 0.99901064],\n       [1.00000238, 1.00000178, 1.00000109, 1.00000029, 0.99999977,\n        0.99999942, 0.99999889, 0.99999843, 0.99999819, 0.99999768,\n        0.99999705, 0.99999667, 0.99999605, 0.99999527, 0.99999461,\n        0.99999422, 0.99998321, 0.99991489, 0.99985218, 0.99978739,\n        0.99971916, 0.99965898, 0.99958923, 0.99952807, 0.99946471,\n        0.99939615, 0.99933346, 0.99927274, 0.9992061 , 0.99914018,\n        0.9990803 , 0.99901099],\n       [1.00000168, 1.00000049, 1.0000002 , 0.99999904, 0.99999856,\n        0.99999813, 0.99999787, 0.99999731, 0.9999967 , 0.99999629,\n        0.99999576, 0.99999498, 0.99999464, 0.99999378, 0.99999357,\n        0.99999179, 0.99997831, 0.99991074, 0.99985101, 0.99978422,\n        0.99972125, 0.99964933, 0.99959434, 0.99952466, 0.99946347,\n        0.99940213, 0.99933302, 0.99927088, 0.99920544, 0.99913659,\n        0.99907633, 0.99901272],\n       [1.00000291, 1.0000021 , 1.00000155, 1.00000113, 1.0000003 ,\n        0.99999996, 0.99999969, 0.99999935, 0.9999986 , 0.99999817,\n        0.99999789, 0.9999975 , 0.99999684, 0.99999641, 0.99999585,\n        0.99999525, 0.99998328, 0.99991789, 0.99985097, 0.99978628,\n        0.99971963, 0.9996646 , 0.99959726, 0.9995276 , 0.99946774,\n        0.99939988, 0.99932682, 0.99926691, 0.99919692, 0.99914213,\n        0.99908001, 0.99901094],\n       [1.00000097, 1.00000009, 0.9999997 , 0.99999889, 0.99999837,\n        0.99999805, 0.99999751, 0.9999971 , 0.99999677, 0.99999664,\n        0.99999616, 0.99999561, 0.99999545, 0.99999472, 0.99999407,\n        0.99999306, 0.99997615, 0.99991341, 0.99985058, 0.99978313,\n        0.99972624, 0.99965825, 0.99959339, 0.99952669, 0.99945918,\n        0.99939831, 0.99933685, 0.99926698, 0.9992073 , 0.99914174,\n        0.99907056, 0.99901243],\n       [1.00000094, 1.00000061, 1.00000014, 0.99999968, 0.99999916,\n        0.99999848, 0.99999804, 0.99999775, 0.99999744, 0.99999715,\n        0.99999633, 0.99999611, 0.99999594, 0.99999524, 0.99999431,\n        0.99999347, 0.99998152, 0.99991787, 0.99984886, 0.99978551,\n        0.99972232, 0.99965627, 0.99959107, 0.99952526, 0.99946234,\n        0.99940211, 0.99933847, 0.9992726 , 0.99920147, 0.99914349,\n        0.99908067, 0.99901653]]) = &lt;function svd at 0x7f3703354870&gt;(array([[[ 0.11063843-0.02540908j,  0.14031085-0.05763048j,\n          0.04162628+0.30122155j, ...,  0.07012725-0.09256434j,\n          0.0369185 -0.20366444j, -0.0182263 +0.13319354j],\n        [-0.03163866+0.07986018j, -0.11467434-0.08776044j,\n         -0.01441675-0.05157765j, ...,  0.00338628+0.12699595j,\n          0.01002754-0.21957704j, -0.02177934-0.0156001j ],\n        [ 0.08093816+0.07166395j,  0.10630196+0.09639442j,\n          0.21145695+0.02691287j, ...,  0.22737136+0.10352276j,\n         -0.15460375+0.06497326j,  0.26320532-0.06110167j],\n        ...,\n        [-0.07372992+0.05559042j, -0.06435817-0.04474899j,\n          0.06867193-0.04228494j, ..., -0.11994632+0.0367935j ,\n          0.10633556-0.00184959j, -0.09723517+0.13345289j],\n        [ 0.24053824+0.14252345j,  0.05354903-0.13252673j,\n          0.03521964+0.14062932j, ..., -0.10270265+0.19118546j,\n          0.1940345 -0.03825406j,  0.16675271-0.002332j  ],\n        [-0.0705009 -0.11741935j,  0.00192738+0.03419152j,\n         -0.20485801-0.08502004j, ..., -0.13302346-0.13819648j,\n         -0.18109213-0.36978671j,  0.00319975-0.01229741j]],\n\n       [[-0.20426285-0.11901318j, -0.04727172+0.11169172j,\n          0.10836244-0.0321918j , ..., -0.00559101-0.01186807j,\n         -0.09654196+0.19065955j,  0.0184933 -0.06034816j],\n        [ 0.07162647-0.05128441j,  0.1219575 +0.12092396j,\n          0.13305709-0.09283757j, ...,  0.07317774-0.01664651j,\n         -0.04577594+0.06486514j,  0.04089708+0.16409668j],\n        [-0.06508648+0.2293317j ,  0.04570423-0.15791853j,\n          0.12443538-0.03565194j, ..., -0.1564986 +0.0181895j ,\n          0.12881756-0.03815369j, -0.02434942+0.06606073j],\n        ...,\n        [ 0.08888463-0.03927251j,  0.1227485 -0.22873995j,\n          0.119539  +0.07451789j, ..., -0.16804948+0.05178403j,\n         -0.06788466-0.00069938j, -0.0532538 -0.03158736j],\n        [ 0.13801438-0.09789159j,  0.09455974+0.14937779j,\n          0.13807528-0.13160986j, ..., -0.09462956+0.15495382j,\n          0.22872125-0.13969243j, -0.07127936-0.02339469j],\n        [ 0.0590622 -0.09453016j,  0.02134077-0.04143644j,\n          0.14082316+0.05288783j, ...,  0.06946544-0.39807191j,\n          0.10343545-0.10308996j,  0.19336958+0.09019033j]],\n\n       [[-0.07197828-0.09251253j, -0.06651761-0.22529359j,\n          0.30843261-0.03241492j, ..., -0.07278186+0.11853521j,\n         -0.03109556-0.26704118j, -0.02870631-0.06812742j],\n        [ 0.00631265-0.22654769j,  0.16781904+0.20929815j,\n          0.03380086-0.19419093j, ...,  0.064711  +0.19498117j,\n         -0.15124719-0.19563006j, -0.21985333+0.0555654j ],\n        [ 0.05160095+0.25813451j, -0.06900369-0.17315073j,\n         -0.09378983-0.12801227j, ..., -0.0926256 -0.06678914j,\n          0.06914651+0.28505492j, -0.0835878 +0.01456691j],\n        ...,\n        [-0.28968105-0.04573102j, -0.17518163-0.06055774j,\n          0.10569243+0.11442948j, ...,  0.01850278-0.02235892j,\n         -0.00688023-0.15666237j, -0.01550358+0.07150615j],\n        [-0.00999505+0.09005401j,  0.02597467+0.00452164j,\n         -0.04530854+0.05567449j, ...,  0.03595345+0.08146714j,\n          0.06394786-0.01672076j, -0.00203284+0.16711451j],\n        [ 0.02419841-0.02773681j, -0.19639067-0.12621395j,\n         -0.02045774+0.1846972j , ..., -0.03714228-0.04579256j,\n         -0.2352442 +0.06932302j, -0.01334385+0.22221589j]],\n\n       ...,\n\n       [[ 0.02619082+0.22116151j, -0.17891732+0.01404741j,\n         -0.25950247+0.12645307j, ...,  0.2204276 -0.2283182j ,\n          0.03238063+0.00130273j, -0.14462781+0.24120662j],\n        [ 0.19689983+0.06324888j,  0.02363085+0.14452298j,\n         -0.10675815-0.12863359j, ..., -0.14047995+0.15887044j,\n          0.11936118-0.13139749j,  0.00592066+0.08874173j],\n        [ 0.07352991-0.12768467j, -0.00144828-0.11012065j,\n         -0.06027943+0.06050748j, ...,  0.16587655-0.25229272j,\n         -0.0177953 -0.02421802j, -0.09453346+0.03646194j],\n        ...,\n        [ 0.20087609-0.03507831j,  0.02101437-0.06158548j,\n         -0.08468477-0.12331264j, ...,  0.05829093-0.25876763j,\n          0.09683234+0.07939571j, -0.0757741 +0.13784555j],\n        [-0.25566384-0.12118769j, -0.16627961+0.0880942j ,\n          0.0232113 +0.11122213j, ...,  0.04491059+0.14650451j,\n          0.20757559-0.004936j  ,  0.06285184-0.16187127j],\n        [ 0.06367488-0.13118184j, -0.09974961-0.02648854j,\n         -0.01675173+0.15630366j, ...,  0.00740482+0.18151078j,\n          0.13828008+0.12887473j, -0.21816589-0.03485505j]],\n\n       [[-0.00689743-0.01927509j, -0.10061224-0.05830397j,\n          0.04288772-0.2752305j , ...,  0.08875022-0.13020653j,\n          0.01074656-0.13822448j, -0.05880224+0.01789781j],\n        [-0.08323688-0.10906138j, -0.11410934+0.07042881j,\n         -0.05268838+0.300524j  , ...,  0.28320858+0.01857846j,\n         -0.0806765 -0.0205064j , -0.2043688 -0.23301356j],\n        [ 0.0072793 +0.33541524j,  0.03190313-0.15615474j,\n         -0.0547187 +0.1621608j , ...,  0.16509503+0.06282422j,\n          0.05158208+0.15958369j, -0.04756043+0.10726215j],\n        ...,\n        [ 0.09650259-0.15170477j, -0.04949195-0.04619524j,\n          0.04276514+0.08003417j, ..., -0.01638519+0.2270615j ,\n         -0.1251929 -0.04664724j, -0.16131635+0.18491445j],\n        [ 0.11459634-0.08030626j,  0.05881768+0.06621375j,\n          0.01481338-0.12028857j, ...,  0.26872411+0.05933203j,\n         -0.14050166-0.29004553j, -0.0822427 +0.02407178j],\n        [-0.05277901-0.05757082j, -0.014713  +0.26024798j,\n          0.11364509+0.060978j  , ..., -0.12489998+0.17319146j,\n          0.04856206-0.01558843j,  0.05940228-0.16730121j]],\n\n       [[-0.14682424-0.03391269j,  0.12749238+0.00364738j,\n         -0.05254655-0.06592122j, ...,  0.16661626+0.17337663j,\n         -0.10086004+0.07431673j, -0.03296647-0.05378306j],\n        [ 0.0988261 -0.05900617j,  0.0257507 +0.04727235j,\n          0.14778626+0.15330608j, ..., -0.00517869-0.01281127j,\n         -0.13878806-0.13710089j,  0.06010838-0.00716426j],\n        [ 0.19371979+0.19235627j,  0.27291566+0.05281825j,\n          0.01291886+0.11101497j, ...,  0.01929623-0.14103948j,\n         -0.17463377-0.07034454j,  0.08907833+0.0722498j ],\n        ...,\n        [-0.1707969 +0.07052545j,  0.09345166-0.15477952j,\n          0.14139628+0.08160229j, ..., -0.11912979-0.09466074j,\n          0.00069071+0.27456972j, -0.14377098+0.31362754j],\n        [ 0.10342266-0.07546011j, -0.142609  +0.04507307j,\n          0.15501389-0.11517035j, ..., -0.12935559-0.01823068j,\n         -0.04546184+0.09119961j, -0.1895813 -0.04947261j],\n        [-0.05809371+0.14726903j, -0.19548351+0.05991081j,\n         -0.08238611+0.17567958j, ...,  0.17071033+0.10825958j,\n          0.17717458-0.05817872j, -0.01151435-0.07972441j]]]), compute_uv=False)&#10; +      where &lt;function svd at 0x7f3703354870&gt; = &lt;module 'numpy.linalg' from '/usr/local/lib/python3.10/dist-packages/numpy/linalg/__init__.py'&gt;.svd&#10; +        where &lt;module 'numpy.linalg' from '/usr/local/lib/python3.10/dist-packages/numpy/linalg/__init__.py'&gt; = np.linalg">backend = 'gpu', n_ports = 32

    @pytest.mark.parametrize("backend", [
        "cpu", pytest.param("gpu", marks=pytest.mark.gpu),
    ])
    @pytest.mark.parametrize("n_ports", [2, 8, 32])
    def test_near_passive_complex_projection_preserves_the_measured_matrix(backend, n_ports):
        """Small clipping must not introduce a larger reconstruction error.
    
        Nearly unitary matrices model a settled low-loss multiport. An f64
        host reference resolves the float32 input, including its rounding.
        Exercise the GPU's lower-precision ambient matmul setting explicitly:
        the physical projection must honor its own float32 error budget.
        """
        if backend == "gpu" and jax.default_backend() != "gpu":
            pytest.skip("requires an actual GPU")
        rng = np.random.default_rng(729)
        matrices = []
        for _ in range(12):
            u, _ = np.linalg.qr(rng.normal(size=(n_ports, n_ports))
                                + 1j*rng.normal(size=(n_ports, n_ports)))
            v, _ = np.linalg.qr(rng.normal(size=(n_ports, n_ports))
                                + 1j*rng.normal(size=(n_ports, n_ports)))
            singular = 1. + np.linspace(-1e-3, 1e-3, n_ports)
            matrices.append((u*singular) @ v.conj().T)
        raw = np.stack(matrices, axis=-1).astype(np.complex64)
        eps = np.finfo(np.float32).eps
        host = raw.transpose(2, 0, 1).astype(np.complex128)
        u, singular, vh = np.linalg.svd(host, full_matrices=False)
        expected = ((u*np.minimum(singular, 1.-64.*eps)[:, None, :]) @ vh)
        with jax.default_device(jax.devices(backend)[0]), jax.default_matmul_precision("tensorfloat32"):
            projected, correction = _project_passive(jnp.asarray(raw))
            projected = np.asarray(projected).transpose(2, 0, 1).astype(np.complex128)
            correction = np.asarray(correction)
        # The existing clipping radius leaves 64 f32 ULPs for reconstruction.
        # Spending more than that on multiplication defeats its strict bound.
        assert np.max(np.abs(projected-expected)) &lt;= 64.*eps
&gt;       assert np.max(np.linalg.svd(projected, compute_uv=False)) &lt;= 1.
E       AssertionError: assert 1.0000030741241774 &lt;= 1.0
E        +  where 1.0000030741241774 = &lt;function max at 0x7f370372adb0&gt;(array([[1.00000227, 1.00000051, 1.00000023, 0.99999963, 0.999999  ,\n        0.99999839, 0.99999831, 0.99999786, 0.99999715, 0.99999678,\n        0.99999661, 0.99999584, 0.99999541, 0.999995  , 0.99999465,\n        0.99999449, 0.99997632, 0.99991605, 0.9998445 , 0.99978687,\n        0.9997221 , 0.99965475, 0.99958674, 0.9995249 , 0.99946362,\n        0.99940417, 0.99933467, 0.99927323, 0.9992113 , 0.99914361,\n        0.99908081, 0.99900987],\n       [1.00000203, 1.00000078, 1.00000017, 0.99999983, 0.99999941,\n        0.99999916, 0.99999886, 0.99999823, 0.99999796, 0.99999753,\n        0.99999713, 0.99999664, 0.99999632, 0.99999605, 0.99999483,\n        0.9999938 , 0.99998079, 0.99991797, 0.99985446, 0.9997858 ,\n        0.99971745, 0.9996589 , 0.9995922 , 0.99953111, 0.99946401,\n        0.99939888, 0.99932949, 0.9992691 , 0.99920756, 0.99914032,\n        0.99907648, 0.99900921],\n       [1.00000152, 1.00000116, 1.00000021, 0.99999953, 0.9999992 ,\n        0.99999887, 0.99999851, 0.99999816, 0.99999758, 0.99999729,\n        0.99999708, 0.99999643, 0.9999961 , 0.99999564, 0.99999531,\n        0.99999492, 0.99997703, 0.99991439, 0.99984681, 0.9997867 ,\n        0.99972371, 0.99965599, 0.99959388, 0.99953111, 0.99946535,\n        0.9993994 , 0.99933727, 0.99927163, 0.99921369, 0.99914337,\n        0.99907862, 0.99901028],\n       [1.00000208, 1.00000115, 1.00000039, 1.00000006, 0.99999982,\n        0.99999923, 0.99999857, 0.99999816, 0.99999768, 0.99999727,\n        0.99999642, 0.99999609, 0.99999579, 0.99999489, 0.99999436,\n        0.999993  , 0.99998076, 0.99991062, 0.99985098, 0.99977947,\n        0.99971905, 0.99965636, 0.99959094, 0.99953273, 0.99946604,\n        0.99939863, 0.99933636, 0.99926125, 0.99920579, 0.99914805,\n        0.99907364, 0.99901641],\n       [1.00000221, 1.00000107, 1.00000025, 0.99999939, 0.99999909,\n        0.99999866, 0.99999836, 0.99999786, 0.99999733, 0.99999689,\n        0.99999648, 0.99999586, 0.9999952 , 0.99999491, 0.9999944 ,\n        0.99999372, 0.9999793 , 0.99991317, 0.99985409, 0.99978383,\n        0.99972867, 0.99965655, 0.99959246, 0.99952168, 0.99946052,\n        0.99940216, 0.99934069, 0.99926996, 0.9992074 , 0.99914378,\n        0.99907761, 0.99900808],\n       [1.00000222, 1.00000177, 1.00000064, 0.99999975, 0.99999925,\n        0.99999913, 0.99999866, 0.99999825, 0.99999752, 0.99999716,\n        0.99999687, 0.99999646, 0.99999603, 0.99999558, 0.9999953 ,\n        0.99999429, 0.99997869, 0.99991407, 0.99984787, 0.9997837 ,\n        0.99972147, 0.99965555, 0.99959241, 0.99953066, 0.99945977,\n        0.99939639, 0.99933092, 0.99927107, 0.99920815, 0.99913905,\n        0.99907631, 0.99900868],\n       [1.00000307, 1.00000211, 1.00000063, 1.00000018, 0.99999924,\n        0.99999861, 0.99999794, 0.99999785, 0.99999734, 0.99999706,\n        0.99999634, 0.99999593, 0.99999552, 0.9999949 , 0.99999404,\n        0.99999293, 0.99997981, 0.9999154 , 0.99985334, 0.99978747,\n        0.99972054, 0.99965302, 0.99959235, 0.99952974, 0.99946079,\n        0.99939357, 0.99933656, 0.99926825, 0.99920578, 0.99913909,\n        0.999076  , 0.99901064],\n       [1.00000238, 1.00000178, 1.00000109, 1.00000029, 0.99999977,\n        0.99999942, 0.99999889, 0.99999843, 0.99999819, 0.99999768,\n        0.99999705, 0.99999667, 0.99999605, 0.99999527, 0.99999461,\n        0.99999422, 0.99998321, 0.99991489, 0.99985218, 0.99978739,\n        0.99971916, 0.99965898, 0.99958923, 0.99952807, 0.99946471,\n        0.99939615, 0.99933346, 0.99927274, 0.9992061 , 0.99914018,\n        0.9990803 , 0.99901099],\n       [1.00000168, 1.00000049, 1.0000002 , 0.99999904, 0.99999856,\n        0.99999813, 0.99999787, 0.99999731, 0.9999967 , 0.99999629,\n        0.99999576, 0.99999498, 0.99999464, 0.99999378, 0.99999357,\n        0.99999179, 0.99997831, 0.99991074, 0.99985101, 0.99978422,\n        0.99972125, 0.99964933, 0.99959434, 0.99952466, 0.99946347,\n        0.99940213, 0.99933302, 0.99927088, 0.99920544, 0.99913659,\n        0.99907633, 0.99901272],\n       [1.00000291, 1.0000021 , 1.00000155, 1.00000113, 1.0000003 ,\n        0.99999996, 0.99999969, 0.99999935, 0.9999986 , 0.99999817,\n        0.99999789, 0.9999975 , 0.99999684, 0.99999641, 0.99999585,\n        0.99999525, 0.99998328, 0.99991789, 0.99985097, 0.99978628,\n        0.99971963, 0.9996646 , 0.99959726, 0.9995276 , 0.99946774,\n        0.99939988, 0.99932682, 0.99926691, 0.99919692, 0.99914213,\n        0.99908001, 0.99901094],\n       [1.00000097, 1.00000009, 0.9999997 , 0.99999889, 0.99999837,\n        0.99999805, 0.99999751, 0.9999971 , 0.99999677, 0.99999664,\n        0.99999616, 0.99999561, 0.99999545, 0.99999472, 0.99999407,\n        0.99999306, 0.99997615, 0.99991341, 0.99985058, 0.99978313,\n        0.99972624, 0.99965825, 0.99959339, 0.99952669, 0.99945918,\n        0.99939831, 0.99933685, 0.99926698, 0.9992073 , 0.99914174,\n        0.99907056, 0.99901243],\n       [1.00000094, 1.00000061, 1.00000014, 0.99999968, 0.99999916,\n        0.99999848, 0.99999804, 0.99999775, 0.99999744, 0.99999715,\n        0.99999633, 0.99999611, 0.99999594, 0.99999524, 0.99999431,\n        0.99999347, 0.99998152, 0.99991787, 0.99984886, 0.99978551,\n        0.99972232, 0.99965627, 0.99959107, 0.99952526, 0.99946234,\n        0.99940211, 0.99933847, 0.9992726 , 0.99920147, 0.99914349,\n        0.99908067, 0.99901653]]))
E        +    where &lt;function max at 0x7f370372adb0&gt; = np.max
E        +    and   array([[1.00000227, 1.00000051, 1.00000023, 0.99999963, 0.999999  ,\n        0.99999839, 0.99999831, 0.99999786, 0.99999715, 0.99999678,\n        0.99999661, 0.99999584, 0.99999541, 0.999995  , 0.99999465,\n        0.99999449, 0.99997632, 0.99991605, 0.9998445 , 0.99978687,\n        0.9997221 , 0.99965475, 0.99958674, 0.9995249 , 0.99946362,\n        0.99940417, 0.99933467, 0.99927323, 0.9992113 , 0.99914361,\n        0.99908081, 0.99900987],\n       [1.00000203, 1.00000078, 1.00000017, 0.99999983, 0.99999941,\n        0.99999916, 0.99999886, 0.99999823, 0.99999796, 0.99999753,\n        0.99999713, 0.99999664, 0.99999632, 0.99999605, 0.99999483,\n        0.9999938 , 0.99998079, 0.99991797, 0.99985446, 0.9997858 ,\n        0.99971745, 0.9996589 , 0.9995922 , 0.99953111, 0.99946401,\n        0.99939888, 0.99932949, 0.9992691 , 0.99920756, 0.99914032,\n        0.99907648, 0.99900921],\n       [1.00000152, 1.00000116, 1.00000021, 0.99999953, 0.9999992 ,\n        0.99999887, 0.99999851, 0.99999816, 0.99999758, 0.99999729,\n        0.99999708, 0.99999643, 0.9999961 , 0.99999564, 0.99999531,\n        0.99999492, 0.99997703, 0.99991439, 0.99984681, 0.9997867 ,\n        0.99972371, 0.99965599, 0.99959388, 0.99953111, 0.99946535,\n        0.9993994 , 0.99933727, 0.99927163, 0.99921369, 0.99914337,\n        0.99907862, 0.99901028],\n       [1.00000208, 1.00000115, 1.00000039, 1.00000006, 0.99999982,\n        0.99999923, 0.99999857, 0.99999816, 0.99999768, 0.99999727,\n        0.99999642, 0.99999609, 0.99999579, 0.99999489, 0.99999436,\n        0.999993  , 0.99998076, 0.99991062, 0.99985098, 0.99977947,\n        0.99971905, 0.99965636, 0.99959094, 0.99953273, 0.99946604,\n        0.99939863, 0.99933636, 0.99926125, 0.99920579, 0.99914805,\n        0.99907364, 0.99901641],\n       [1.00000221, 1.00000107, 1.00000025, 0.99999939, 0.99999909,\n        0.99999866, 0.99999836, 0.99999786, 0.99999733, 0.99999689,\n        0.99999648, 0.99999586, 0.9999952 , 0.99999491, 0.9999944 ,\n        0.99999372, 0.9999793 , 0.99991317, 0.99985409, 0.99978383,\n        0.99972867, 0.99965655, 0.99959246, 0.99952168, 0.99946052,\n        0.99940216, 0.99934069, 0.99926996, 0.9992074 , 0.99914378,\n        0.99907761, 0.99900808],\n       [1.00000222, 1.00000177, 1.00000064, 0.99999975, 0.99999925,\n        0.99999913, 0.99999866, 0.99999825, 0.99999752, 0.99999716,\n        0.99999687, 0.99999646, 0.99999603, 0.99999558, 0.9999953 ,\n        0.99999429, 0.99997869, 0.99991407, 0.99984787, 0.9997837 ,\n        0.99972147, 0.99965555, 0.99959241, 0.99953066, 0.99945977,\n        0.99939639, 0.99933092, 0.99927107, 0.99920815, 0.99913905,\n        0.99907631, 0.99900868],\n       [1.00000307, 1.00000211, 1.00000063, 1.00000018, 0.99999924,\n        0.99999861, 0.99999794, 0.99999785, 0.99999734, 0.99999706,\n        0.99999634, 0.99999593, 0.99999552, 0.9999949 , 0.99999404,\n        0.99999293, 0.99997981, 0.9999154 , 0.99985334, 0.99978747,\n        0.99972054, 0.99965302, 0.99959235, 0.99952974, 0.99946079,\n        0.99939357, 0.99933656, 0.99926825, 0.99920578, 0.99913909,\n        0.999076  , 0.99901064],\n       [1.00000238, 1.00000178, 1.00000109, 1.00000029, 0.99999977,\n        0.99999942, 0.99999889, 0.99999843, 0.99999819, 0.99999768,\n        0.99999705, 0.99999667, 0.99999605, 0.99999527, 0.99999461,\n        0.99999422, 0.99998321, 0.99991489, 0.99985218, 0.99978739,\n        0.99971916, 0.99965898, 0.99958923, 0.99952807, 0.99946471,\n        0.99939615, 0.99933346, 0.99927274, 0.9992061 , 0.99914018,\n        0.9990803 , 0.99901099],\n       [1.00000168, 1.00000049, 1.0000002 , 0.99999904, 0.99999856,\n        0.99999813, 0.99999787, 0.99999731, 0.9999967 , 0.99999629,\n        0.99999576, 0.99999498, 0.99999464, 0.99999378, 0.99999357,\n        0.99999179, 0.99997831, 0.99991074, 0.99985101, 0.99978422,\n        0.99972125, 0.99964933, 0.99959434, 0.99952466, 0.99946347,\n        0.99940213, 0.99933302, 0.99927088, 0.99920544, 0.99913659,\n        0.99907633, 0.99901272],\n       [1.00000291, 1.0000021 , 1.00000155, 1.00000113, 1.0000003 ,\n        0.99999996, 0.99999969, 0.99999935, 0.9999986 , 0.99999817,\n        0.99999789, 0.9999975 , 0.99999684, 0.99999641, 0.99999585,\n        0.99999525, 0.99998328, 0.99991789, 0.99985097, 0.99978628,\n        0.99971963, 0.9996646 , 0.99959726, 0.9995276 , 0.99946774,\n        0.99939988, 0.99932682, 0.99926691, 0.99919692, 0.99914213,\n        0.99908001, 0.99901094],\n       [1.00000097, 1.00000009, 0.9999997 , 0.99999889, 0.99999837,\n        0.99999805, 0.99999751, 0.9999971 , 0.99999677, 0.99999664,\n        0.99999616, 0.99999561, 0.99999545, 0.99999472, 0.99999407,\n        0.99999306, 0.99997615, 0.99991341, 0.99985058, 0.99978313,\n        0.99972624, 0.99965825, 0.99959339, 0.99952669, 0.99945918,\n        0.99939831, 0.99933685, 0.99926698, 0.9992073 , 0.99914174,\n        0.99907056, 0.99901243],\n       [1.00000094, 1.00000061, 1.00000014, 0.99999968, 0.99999916,\n        0.99999848, 0.99999804, 0.99999775, 0.99999744, 0.99999715,\n        0.99999633, 0.99999611, 0.99999594, 0.99999524, 0.99999431,\n        0.99999347, 0.99998152, 0.99991787, 0.99984886, 0.99978551,\n        0.99972232, 0.99965627, 0.99959107, 0.99952526, 0.99946234,\n        0.99940211, 0.99933847, 0.9992726 , 0.99920147, 0.99914349,\n        0.99908067, 0.99901653]]) = &lt;function svd at 0x7f3703354870&gt;(array([[[ 0.11063843-0.02540908j,  0.14031085-0.05763048j,\n          0.04162628+0.30122155j, ...,  0.07012725-0.09256434j,\n          0.0369185 -0.20366444j, -0.0182263 +0.13319354j],\n        [-0.03163866+0.07986018j, -0.11467434-0.08776044j,\n         -0.01441675-0.05157765j, ...,  0.00338628+0.12699595j,\n          0.01002754-0.21957704j, -0.02177934-0.0156001j ],\n        [ 0.08093816+0.07166395j,  0.10630196+0.09639442j,\n          0.21145695+0.02691287j, ...,  0.22737136+0.10352276j,\n         -0.15460375+0.06497326j,  0.26320532-0.06110167j],\n        ...,\n        [-0.07372992+0.05559042j, -0.06435817-0.04474899j,\n          0.06867193-0.04228494j, ..., -0.11994632+0.0367935j ,\n          0.10633556-0.00184959j, -0.09723517+0.13345289j],\n        [ 0.24053824+0.14252345j,  0.05354903-0.13252673j,\n          0.03521964+0.14062932j, ..., -0.10270265+0.19118546j,\n          0.1940345 -0.03825406j,  0.16675271-0.002332j  ],\n        [-0.0705009 -0.11741935j,  0.00192738+0.03419152j,\n         -0.20485801-0.08502004j, ..., -0.13302346-0.13819648j,\n         -0.18109213-0.36978671j,  0.00319975-0.01229741j]],\n\n       [[-0.20426285-0.11901318j, -0.04727172+0.11169172j,\n          0.10836244-0.0321918j , ..., -0.00559101-0.01186807j,\n         -0.09654196+0.19065955j,  0.0184933 -0.06034816j],\n        [ 0.07162647-0.05128441j,  0.1219575 +0.12092396j,\n          0.13305709-0.09283757j, ...,  0.07317774-0.01664651j,\n         -0.04577594+0.06486514j,  0.04089708+0.16409668j],\n        [-0.06508648+0.2293317j ,  0.04570423-0.15791853j,\n          0.12443538-0.03565194j, ..., -0.1564986 +0.0181895j ,\n          0.12881756-0.03815369j, -0.02434942+0.06606073j],\n        ...,\n        [ 0.08888463-0.03927251j,  0.1227485 -0.22873995j,\n          0.119539  +0.07451789j, ..., -0.16804948+0.05178403j,\n         -0.06788466-0.00069938j, -0.0532538 -0.03158736j],\n        [ 0.13801438-0.09789159j,  0.09455974+0.14937779j,\n          0.13807528-0.13160986j, ..., -0.09462956+0.15495382j,\n          0.22872125-0.13969243j, -0.07127936-0.02339469j],\n        [ 0.0590622 -0.09453016j,  0.02134077-0.04143644j,\n          0.14082316+0.05288783j, ...,  0.06946544-0.39807191j,\n          0.10343545-0.10308996j,  0.19336958+0.09019033j]],\n\n       [[-0.07197828-0.09251253j, -0.06651761-0.22529359j,\n          0.30843261-0.03241492j, ..., -0.07278186+0.11853521j,\n         -0.03109556-0.26704118j, -0.02870631-0.06812742j],\n        [ 0.00631265-0.22654769j,  0.16781904+0.20929815j,\n          0.03380086-0.19419093j, ...,  0.064711  +0.19498117j,\n         -0.15124719-0.19563006j, -0.21985333+0.0555654j ],\n        [ 0.05160095+0.25813451j, -0.06900369-0.17315073j,\n         -0.09378983-0.12801227j, ..., -0.0926256 -0.06678914j,\n          0.06914651+0.28505492j, -0.0835878 +0.01456691j],\n        ...,\n        [-0.28968105-0.04573102j, -0.17518163-0.06055774j,\n          0.10569243+0.11442948j, ...,  0.01850278-0.02235892j,\n         -0.00688023-0.15666237j, -0.01550358+0.07150615j],\n        [-0.00999505+0.09005401j,  0.02597467+0.00452164j,\n         -0.04530854+0.05567449j, ...,  0.03595345+0.08146714j,\n          0.06394786-0.01672076j, -0.00203284+0.16711451j],\n        [ 0.02419841-0.02773681j, -0.19639067-0.12621395j,\n         -0.02045774+0.1846972j , ..., -0.03714228-0.04579256j,\n         -0.2352442 +0.06932302j, -0.01334385+0.22221589j]],\n\n       ...,\n\n       [[ 0.02619082+0.22116151j, -0.17891732+0.01404741j,\n         -0.25950247+0.12645307j, ...,  0.2204276 -0.2283182j ,\n          0.03238063+0.00130273j, -0.14462781+0.24120662j],\n        [ 0.19689983+0.06324888j,  0.02363085+0.14452298j,\n         -0.10675815-0.12863359j, ..., -0.14047995+0.15887044j,\n          0.11936118-0.13139749j,  0.00592066+0.08874173j],\n        [ 0.07352991-0.12768467j, -0.00144828-0.11012065j,\n         -0.06027943+0.06050748j, ...,  0.16587655-0.25229272j,\n         -0.0177953 -0.02421802j, -0.09453346+0.03646194j],\n        ...,\n        [ 0.20087609-0.03507831j,  0.02101437-0.06158548j,\n         -0.08468477-0.12331264j, ...,  0.05829093-0.25876763j,\n          0.09683234+0.07939571j, -0.0757741 +0.13784555j],\n        [-0.25566384-0.12118769j, -0.16627961+0.0880942j ,\n          0.0232113 +0.11122213j, ...,  0.04491059+0.14650451j,\n          0.20757559-0.004936j  ,  0.06285184-0.16187127j],\n        [ 0.06367488-0.13118184j, -0.09974961-0.02648854j,\n         -0.01675173+0.15630366j, ...,  0.00740482+0.18151078j,\n          0.13828008+0.12887473j, -0.21816589-0.03485505j]],\n\n       [[-0.00689743-0.01927509j, -0.10061224-0.05830397j,\n          0.04288772-0.2752305j , ...,  0.08875022-0.13020653j,\n          0.01074656-0.13822448j, -0.05880224+0.01789781j],\n        [-0.08323688-0.10906138j, -0.11410934+0.07042881j,\n         -0.05268838+0.300524j  , ...,  0.28320858+0.01857846j,\n         -0.0806765 -0.0205064j , -0.2043688 -0.23301356j],\n        [ 0.0072793 +0.33541524j,  0.03190313-0.15615474j,\n         -0.0547187 +0.1621608j , ...,  0.16509503+0.06282422j,\n          0.05158208+0.15958369j, -0.04756043+0.10726215j],\n        ...,\n        [ 0.09650259-0.15170477j, -0.04949195-0.04619524j,\n          0.04276514+0.08003417j, ..., -0.01638519+0.2270615j ,\n         -0.1251929 -0.04664724j, -0.16131635+0.18491445j],\n        [ 0.11459634-0.08030626j,  0.05881768+0.06621375j,\n          0.01481338-0.12028857j, ...,  0.26872411+0.05933203j,\n         -0.14050166-0.29004553j, -0.0822427 +0.02407178j],\n        [-0.05277901-0.05757082j, -0.014713  +0.26024798j,\n          0.11364509+0.060978j  , ..., -0.12489998+0.17319146j,\n          0.04856206-0.01558843j,  0.05940228-0.16730121j]],\n\n       [[-0.14682424-0.03391269j,  0.12749238+0.00364738j,\n         -0.05254655-0.06592122j, ...,  0.16661626+0.17337663j,\n         -0.10086004+0.07431673j, -0.03296647-0.05378306j],\n        [ 0.0988261 -0.05900617j,  0.0257507 +0.04727235j,\n          0.14778626+0.15330608j, ..., -0.00517869-0.01281127j,\n         -0.13878806-0.13710089j,  0.06010838-0.00716426j],\n        [ 0.19371979+0.19235627j,  0.27291566+0.05281825j,\n          0.01291886+0.11101497j, ...,  0.01929623-0.14103948j,\n         -0.17463377-0.07034454j,  0.08907833+0.0722498j ],\n        ...,\n        [-0.1707969 +0.07052545j,  0.09345166-0.15477952j,\n          0.14139628+0.08160229j, ..., -0.11912979-0.09466074j,\n          0.00069071+0.27456972j, -0.14377098+0.31362754j],\n        [ 0.10342266-0.07546011j, -0.142609  +0.04507307j,\n          0.15501389-0.11517035j, ..., -0.12935559-0.01823068j,\n         -0.04546184+0.09119961j, -0.1895813 -0.04947261j],\n        [-0.05809371+0.14726903j, -0.19548351+0.05991081j,\n         -0.08238611+0.17567958j, ...,  0.17071033+0.10825958j,\n          0.17717458-0.05817872j, -0.01151435-0.07972441j]]]), compute_uv=False)
E        +      where &lt;function svd at 0x7f3703354870&gt; = &lt;module 'numpy.linalg' from '/usr/local/lib/python3.10/dist-packages/numpy/linalg/__init__.py'&gt;.svd
E        +        where &lt;module 'numpy.linalg' from '/usr/local/lib/python3.10/dist-packages/numpy/linalg/__init__.py'&gt; = np.linalg

tests/unit/sparams/test_msl_passivity_enforcement.py:105: AssertionError</failure></testcase></testsuite></testsuites>