<?xml version="1.0" encoding="utf-8"?><testsuites name="pytest tests"><testsuite name="pytest" errors="0" failures="1" skipped="0" tests="21" time="22.660" timestamp="2026-09-11T11:06:02.919405+00:00" hostname="run-execution-q4slevpq4xtu-0"><testcase classname="tests.unit.sparams.test_msl_passivity_enforcement" name="test_projection_clips_only_the_nonpassive_bins" time="0.137" /><testcase classname="tests.unit.sparams.test_msl_passivity_enforcement" name="test_projection_bound_is_strict_at_float32[2]" time="0.034" /><testcase classname="tests.unit.sparams.test_msl_passivity_enforcement" name="test_projection_bound_is_strict_at_float32[8]" time="0.028" /><testcase classname="tests.unit.sparams.test_msl_passivity_enforcement" name="test_projection_bound_is_strict_at_float32[32]" time="0.041" /><testcase classname="tests.unit.sparams.test_msl_passivity_enforcement" name="test_near_passive_complex_projection_preserves_the_measured_matrix[complex64-2-cpu]" time="0.030" /><testcase classname="tests.unit.sparams.test_msl_passivity_enforcement" name="test_near_passive_complex_projection_preserves_the_measured_matrix[complex64-2-gpu]" time="0.057" /><testcase classname="tests.unit.sparams.test_msl_passivity_enforcement" name="test_near_passive_complex_projection_preserves_the_measured_matrix[complex64-8-cpu]" time="0.023" /><testcase classname="tests.unit.sparams.test_msl_passivity_enforcement" name="test_near_passive_complex_projection_preserves_the_measured_matrix[complex64-8-gpu]" time="0.057" /><testcase classname="tests.unit.sparams.test_msl_passivity_enforcement" name="test_near_passive_complex_projection_preserves_the_measured_matrix[complex64-32-cpu]" time="0.048" /><testcase classname="tests.unit.sparams.test_msl_passivity_enforcement" name="test_near_passive_complex_projection_preserves_the_measured_matrix[complex64-32-gpu]" time="0.063" /><testcase classname="tests.unit.sparams.test_msl_passivity_enforcement" name="test_near_passive_complex_projection_preserves_the_measured_matrix[complex128-2-cpu]" time="0.028" /><testcase classname="tests.unit.sparams.test_msl_passivity_enforcement" name="test_near_passive_complex_projection_preserves_the_measured_matrix[complex128-2-gpu]" time="0.059" /><testcase classname="tests.unit.sparams.test_msl_passivity_enforcement" name="test_near_passive_complex_projection_preserves_the_measured_matrix[complex128-8-cpu]" time="0.024" /><testcase classname="tests.unit.sparams.test_msl_passivity_enforcement" name="test_near_passive_complex_projection_preserves_the_measured_matrix[complex128-8-gpu]" time="0.059" /><testcase classname="tests.unit.sparams.test_msl_passivity_enforcement" name="test_near_passive_complex_projection_preserves_the_measured_matrix[complex128-32-cpu]" time="0.029" /><testcase classname="tests.unit.sparams.test_msl_passivity_enforcement" name="test_near_passive_complex_projection_preserves_the_measured_matrix[complex128-32-gpu]" time="0.047" /><testcase classname="tests.unit.sparams.test_msl_passivity_enforcement" name="test_projection_preserves_nonfinite_bins_for_the_finiteness_audit[nan]" time="0.052" /><testcase classname="tests.unit.sparams.test_msl_passivity_enforcement" name="test_projection_preserves_nonfinite_bins_for_the_finiteness_audit[inf]" time="0.004" /><testcase classname="tests.unit.sparams.test_msl_passivity_enforcement" name="test_projection_preserves_f64_arrays_after_their_creation_context_exits" time="0.056" /><testcase classname="tests.unit.sparams.test_msl_passivity_enforcement" name="test_default_result_is_strictly_passive_and_loud" time="13.793" /><testcase classname="tests.unit.sparams.test_msl_passivity_enforcement" name="test_enforce_passivity_false_returns_the_raw_extraction" time="7.848"><failure message="AssertionError: assert 1.0 &gt; 1.0&#10; +  where 1.0 = float(1.0)&#10; +    where 1.0 = &lt;built-in method max of numpy.ndarray object at 0x7fad5463acd0&gt;()&#10; +      where &lt;built-in method max of numpy.ndarray object at 0x7fad5463acd0&gt; = array([1., 1., 1., 1., 1., 1., 1., 1., 1., 1., 1., 1., 1., 1., 1., 1.],\n      dtype=float32).max&#10; +        where array([1., 1., 1., 1., 1., 1., 1., 1., 1., 1., 1., 1., 1., 1., 1., 1.],\n      dtype=float32) = _sigma_max(Array([[[ 2.1733008e-10+3.7595926e-10j, -6.2764571e-09-2.3477625e-10j,\n         -3.8822645e-10+5.6958716e-10j,  2.3109994e-10-9.9641483e-11j,\n         -2.0256187e-11-3.3157047e-12j,  4.7152326e-10+4.2726606e-10j,\n          1.8566335e-10+7.1126638e-10j, -6.3705214e-09-2.2483498e-10j,\n         -3.9709117e-10+3.0141106e-10j, -3.9203949e-11+1.9918592e-12j,\n         -5.0544829e-11-3.1324186e-11j,  3.9474873e-10+9.2508140e-10j,\n         -9.8771186e-11+4.4946147e-10j,  6.4243511e-10-5.7280447e-10j,\n          1.4202839e-10-1.3617013e-11j, -4.1665112e-11-2.5132684e-11j],\n        [ 1.0000000e+00+4.8375628e-09j,  9.9999994e-01+3.3447506e-10j,\n          1.0000000e+00+7.6339299e-09j,  1.0000000e+00-5.1805484e-09j,\n          1.0000000e+00-2.6378275e-09j,  1.0000000e+00+1.0258963e-08j,\n          1.0000000e+00+7.5469275e-09j,  9.9999994e-01+6.2125287e-09j,\n          1.0000000e+00+6.6968715e-09j,  1.0000000e+00+1.7856573e-09j,\n          1.0000000e+00-1.5630732e-09j,  1.0000000e+00+1.1816752e-08j,\n          1.0000000e+00+4.5007211e-09j,  1.0000000e+00-1.0429893e-08j,\n          1.0000000e+00-4.3968824e-09j,  1.0000000e+00-1.6407976e-09j]],\n\n       [[ 1.0000000e+00+9.7596971e-09j,  1.0000000e+00-2.5274730e-10j,\n          1.0000000e+00+6.5838908e-09j,  1.0000000e+00+5.8201004e-09j,\n          1.0000000e+00-4.1890176e-09j,  1.0000000e+00+3.8027697e-09j,\n          1.0000000e+00+7.8892853e-10j,  1.0000000e+00+1.1958204e-08j,\n          1.0000000e+00+1.0441688e-09j,  1.0000000e+00+1.4875706e-09j,\n          9.9999994e-01+1.2432413e-08j,  1.0000000e+00-1.1701838e-08j,\n          1.0000000e+00+7.0345991e-09j,  1.0000000e+00-8.4765226e-09j,\n          9.9999994e-01+3.2911656e-09j,  1.0000000e+00-3.0215555e-09j],\n        [ 3.5009007e-09-1.4905021e-09j,  3.2791747e-09+2.3645033e-10j,\n          2.9989815e-09+4.3123918e-09j,  2.9749867e-09-1.7659532e-10j,\n          1.0294587e-09-9.3790387e-10j, -1.9291541e-08-6.3432712e-09j,\n          3.0828484e-09+1.3582650e-10j,  1.7478595e-08-1.0123314e-09j,\n          3.4714498e-09-1.5881482e-09j,  1.5389157e-09+2.0520474e-09j,\n         -9.2191099e-09-4.7530047e-09j,  1.1236848e-08+5.4961964e-09j,\n          9.5442809e-09-3.8659215e-10j,  1.0814131e-09+1.7342779e-09j,\n         -9.6111474e-09-2.6442526e-09j,  1.9549751e-09+8.5212593e-09j]]],      dtype=complex64))&#10; +          where Array([[[ 2.1733008e-10+3.7595926e-10j, -6.2764571e-09-2.3477625e-10j,\n         -3.8822645e-10+5.6958716e-10j,  2.3109994e-10-9.9641483e-11j,\n         -2.0256187e-11-3.3157047e-12j,  4.7152326e-10+4.2726606e-10j,\n          1.8566335e-10+7.1126638e-10j, -6.3705214e-09-2.2483498e-10j,\n         -3.9709117e-10+3.0141106e-10j, -3.9203949e-11+1.9918592e-12j,\n         -5.0544829e-11-3.1324186e-11j,  3.9474873e-10+9.2508140e-10j,\n         -9.8771186e-11+4.4946147e-10j,  6.4243511e-10-5.7280447e-10j,\n          1.4202839e-10-1.3617013e-11j, -4.1665112e-11-2.5132684e-11j],\n        [ 1.0000000e+00+4.8375628e-09j,  9.9999994e-01+3.3447506e-10j,\n          1.0000000e+00+7.6339299e-09j,  1.0000000e+00-5.1805484e-09j,\n          1.0000000e+00-2.6378275e-09j,  1.0000000e+00+1.0258963e-08j,\n          1.0000000e+00+7.5469275e-09j,  9.9999994e-01+6.2125287e-09j,\n          1.0000000e+00+6.6968715e-09j,  1.0000000e+00+1.7856573e-09j,\n          1.0000000e+00-1.5630732e-09j,  1.0000000e+00+1.1816752e-08j,\n          1.0000000e+00+4.5007211e-09j,  1.0000000e+00-1.0429893e-08j,\n          1.0000000e+00-4.3968824e-09j,  1.0000000e+00-1.6407976e-09j]],\n\n       [[ 1.0000000e+00+9.7596971e-09j,  1.0000000e+00-2.5274730e-10j,\n          1.0000000e+00+6.5838908e-09j,  1.0000000e+00+5.8201004e-09j,\n          1.0000000e+00-4.1890176e-09j,  1.0000000e+00+3.8027697e-09j,\n          1.0000000e+00+7.8892853e-10j,  1.0000000e+00+1.1958204e-08j,\n          1.0000000e+00+1.0441688e-09j,  1.0000000e+00+1.4875706e-09j,\n          9.9999994e-01+1.2432413e-08j,  1.0000000e+00-1.1701838e-08j,\n          1.0000000e+00+7.0345991e-09j,  1.0000000e+00-8.4765226e-09j,\n          9.9999994e-01+3.2911656e-09j,  1.0000000e+00-3.0215555e-09j],\n        [ 3.5009007e-09-1.4905021e-09j,  3.2791747e-09+2.3645033e-10j,\n          2.9989815e-09+4.3123918e-09j,  2.9749867e-09-1.7659532e-10j,\n          1.0294587e-09-9.3790387e-10j, -1.9291541e-08-6.3432712e-09j,\n          3.0828484e-09+1.3582650e-10j,  1.7478595e-08-1.0123314e-09j,\n          3.4714498e-09-1.5881482e-09j,  1.5389157e-09+2.0520474e-09j,\n         -9.2191099e-09-4.7530047e-09j,  1.1236848e-08+5.4961964e-09j,\n          9.5442809e-09-3.8659215e-10j,  1.0814131e-09+1.7342779e-09j,\n         -9.6111474e-09-2.6442526e-09j,  1.9549751e-09+8.5212593e-09j]]],      dtype=complex64) = MSLSMatrixResult(S=Array([[[ 2.1733008e-10+3.7595926e-10j, -6.2764571e-09-2.3477625e-10j,\n         -3.8822645e-10+5.6958716e-10j,  2.3109994e-10-9.9641483e-11j,\n         -2.0256187e-11-3.3157047e-12j,  4.7152326e-10+4.2726606e-10j,\n          1.8566335e-10+7.1126638e-10j, -6.3705214e-09-2.2483498e-10j,\n         -3.9709117e-10+3.0141106e-10j, -3.9203949e-11+1.9918592e-12j,\n         -5.0544829e-11-3.1324186e-11j,  3.9474873e-10+9.2508140e-10j,\n         -9.8771186e-11+4.4946147e-10j,  6.4243511e-10-5.7280447e-10j,\n          1.4202839e-10-1.3617013e-11j, -4.1665112e-11-2.5132684e-11j],\n        [ 1.0000000e+00+4.8375628e-09j,  9.9999994e-01+3.3447506e-10j,\n          1.0000000e+00+7.6339299e-09j,  1.0000000e+00-5.1805484e-09j,\n          1.0000000e+00-2.6378275e-09j,  1.0000000e+00+1.0258963e-08j,\n          1.0000000e+00+7.5469275e-09j,  9.9999994e-01+6.2125287e-09j,\n          1.0000000e+00+6.6968715e-09j,  1.0000000e+00+1.7856573e-09j,\n          1.0000000e+00-1.5630732e-09j,  1.0000000e+00+1.1816752e-08j,\n          1.0000000e+00+4.5007211e-09j,  1.0000000e+00-1.0429893e-08j,\n          1.0000000e+00-4.3968824e-09j,  1.0000000e+00-1.6407976e-09j]],\n\n       [[ 1.0000000e+00+9.7596971e-09j,  1.0000000e+00-2.5274730e-10j,\n          1.0000000e+00+6.5838908e-09j,  1.0000000e+00+5.8201004e-09j,\n          1.0000000e+00-4.1890176e-09j,  1.0000000e+00+3.8027697e-09j,\n          1.0000000e+00+7.8892853e-10j,  1.0000000e+00+1.1958204e-08j,\n          1.0000000e+00+1.0441688e-09j,  1.0000000e+00+1.4875706e-09j,\n          9.9999994e-01+1.2432413e-08j,  1.0000000e+00-1.1701838e-08j,\n          1.0000000e+00+7.0345991e-09j,  1.0000000e+00-8.4765226e-09j,\n          9.9999994e-01+3.2911656e-09j,  1.0000000e+00-3.0215555e-09j],\n        [ 3.5009007e-09-1.4905021e-09j,  3.2791747e-09+2.3645033e-10j,\n          2.9989815e-09+4.3123918e-09j,  2.9749867e-09-1.7659532e-10j,\n          1.0294587e-09-9.3790387e-10j, -1.9291541e-08-6.3432712e-09j,\n          3.0828484e-09+1.3582650e-10j,  1.7478595e-08-1.0123314e-09j,\n          3.4714498e-09-1.5881482e-09j,  1.5389157e-09+2.0520474e-09j,\n         -9.2191099e-09-4.7530047e-09j,  1.1236848e-08+5.4961964e-09j,\n          9.5442809e-09-3.8659215e-10j,  1.0814131e-09+1.7342779e-09j,\n         -9.6111474e-09-2.6442526e-09j,  1.9549751e-09+8.5212593e-09j]]],      dtype=complex64), freqs=array([2.0000000e+09, 3.0666665e+09, 4.1333335e+09, 5.2000000e+09,\n       6.2666670e+09, 7.3333330e+09, 8.4000000e+09, 9.4666670e+09,\n       1.0533333e+10, 1.1600000e+10, 1.2666667e+10, 1.3733333e+10,\n       1.4800000e+10, 1.5866667e+10, 1.6933333e+10, 1.7999999e+10],\n      dtype=float32), Z0=Array([[8.721758 -378.4478j  , 8.731071 -244.26886j ,\n        8.741889 -178.53998j , 8.752857 -139.13164j ,\n        8.7610035-112.59711j , 8.763739  -93.31319j ,\n        8.757577  -78.51283j , 8.739258  -66.67725j ,\n        8.705681  -56.903873j, 8.653917  -48.62378j ,\n        8.582073  -41.46124j , 8.488816  -35.158676j,\n        8.373924  -29.534018j, 8.2377615 -24.455223j,\n        8.081239  -19.824368j, 7.905559  -15.567674j],\n       [7.1467547-351.46228j , 7.177362 -226.91353j ,\n        7.219308 -165.9181j  , 7.270292 -129.35768j ,\n        7.3277316-104.746025j, 7.388582  -86.860565j,\n        7.448883  -73.131256j, 7.505093  -62.146656j,\n        7.552964  -53.06783j , 7.58874   -45.365475j,\n        7.608668  -38.690178j, 7.610455  -32.80248j ,\n        7.5917225 -27.533358j, 7.5511217 -22.760483j,\n        7.4879546 -18.393726j, 7.401783  -14.365663j]], dtype=complex64), beta=Array([ 36.55433 +0.j,  56.049965+0.j,  75.545616+0.j,  95.04125 +0.j,\n       114.536896+0.j, 134.03252 +0.j, 153.52818 +0.j, 173.02382 +0.j,\n       192.51945 +0.j, 212.0151  +0.j, 231.51074 +0.j, 251.00638 +0.j,\n       270.502   +0.j, 289.99768 +0.j, 309.4933  +0.j, 328.98895 +0.j],      dtype=complex64), port_names=('p1', 'p2'), reliable=array([[ True,  True,  True,  True,  True,  True,  True,  True,  True,\n         True,  True,  True,  True,  True,  True,  True],\n       [ True,  True,  True,  True,  True,  True,  True,  True,  True,\n         True,  True,  True,  True,  True,  True,  True]]), settling_db=array([-0.10449623, -0.09590992]), S_raw=None, passivity_correction=None, assembly='multi_drive_solve', cond_a=array([1.27533215, 1.27481068, 1.274065  , 1.27309126, 1.27188482,\n       1.27044193, 1.26876059, 1.26684143, 1.26469065, 1.26231971,\n       1.25974775, 1.25700169, 1.25411529, 1.25112882, 1.24808551,\n       1.2450313 ]), beta_railed=array([[ True,  True,  True,  True,  True,  True,  True,  True,  True,\n         True,  True,  True,  True,  True,  True,  True],\n       [ True,  True,  True,  True,  True,  True,  True,  True,  True,\n         True,  True,  True,  True,  True,  True,  True]])).S">def test_enforce_passivity_false_returns_the_raw_extraction():
        with warnings.catch_warnings():
            warnings.simplefilter("ignore")
            res = _thru().compute_msl_s_matrix(freqs=FREQS, num_periods=2.0,
                                               enforce_passivity=False)
        assert res.S_raw is None and res.passivity_correction is None
        # The truncated raw extraction genuinely violates the bound — that is
        # exactly what the default projects away.
&gt;       assert float(_sigma_max(res.S).max()) &gt; 1.0
E       AssertionError: assert 1.0 &gt; 1.0
E        +  where 1.0 = float(1.0)
E        +    where 1.0 = &lt;built-in method max of numpy.ndarray object at 0x7fad5463acd0&gt;()
E        +      where &lt;built-in method max of numpy.ndarray object at 0x7fad5463acd0&gt; = array([1., 1., 1., 1., 1., 1., 1., 1., 1., 1., 1., 1., 1., 1., 1., 1.],\n      dtype=float32).max
E        +        where array([1., 1., 1., 1., 1., 1., 1., 1., 1., 1., 1., 1., 1., 1., 1., 1.],\n      dtype=float32) = _sigma_max(Array([[[ 2.1733008e-10+3.7595926e-10j, -6.2764571e-09-2.3477625e-10j,\n         -3.8822645e-10+5.6958716e-10j,  2.3109994e-10-9.9641483e-11j,\n         -2.0256187e-11-3.3157047e-12j,  4.7152326e-10+4.2726606e-10j,\n          1.8566335e-10+7.1126638e-10j, -6.3705214e-09-2.2483498e-10j,\n         -3.9709117e-10+3.0141106e-10j, -3.9203949e-11+1.9918592e-12j,\n         -5.0544829e-11-3.1324186e-11j,  3.9474873e-10+9.2508140e-10j,\n         -9.8771186e-11+4.4946147e-10j,  6.4243511e-10-5.7280447e-10j,\n          1.4202839e-10-1.3617013e-11j, -4.1665112e-11-2.5132684e-11j],\n        [ 1.0000000e+00+4.8375628e-09j,  9.9999994e-01+3.3447506e-10j,\n          1.0000000e+00+7.6339299e-09j,  1.0000000e+00-5.1805484e-09j,\n          1.0000000e+00-2.6378275e-09j,  1.0000000e+00+1.0258963e-08j,\n          1.0000000e+00+7.5469275e-09j,  9.9999994e-01+6.2125287e-09j,\n          1.0000000e+00+6.6968715e-09j,  1.0000000e+00+1.7856573e-09j,\n          1.0000000e+00-1.5630732e-09j,  1.0000000e+00+1.1816752e-08j,\n          1.0000000e+00+4.5007211e-09j,  1.0000000e+00-1.0429893e-08j,\n          1.0000000e+00-4.3968824e-09j,  1.0000000e+00-1.6407976e-09j]],\n\n       [[ 1.0000000e+00+9.7596971e-09j,  1.0000000e+00-2.5274730e-10j,\n          1.0000000e+00+6.5838908e-09j,  1.0000000e+00+5.8201004e-09j,\n          1.0000000e+00-4.1890176e-09j,  1.0000000e+00+3.8027697e-09j,\n          1.0000000e+00+7.8892853e-10j,  1.0000000e+00+1.1958204e-08j,\n          1.0000000e+00+1.0441688e-09j,  1.0000000e+00+1.4875706e-09j,\n          9.9999994e-01+1.2432413e-08j,  1.0000000e+00-1.1701838e-08j,\n          1.0000000e+00+7.0345991e-09j,  1.0000000e+00-8.4765226e-09j,\n          9.9999994e-01+3.2911656e-09j,  1.0000000e+00-3.0215555e-09j],\n        [ 3.5009007e-09-1.4905021e-09j,  3.2791747e-09+2.3645033e-10j,\n          2.9989815e-09+4.3123918e-09j,  2.9749867e-09-1.7659532e-10j,\n          1.0294587e-09-9.3790387e-10j, -1.9291541e-08-6.3432712e-09j,\n          3.0828484e-09+1.3582650e-10j,  1.7478595e-08-1.0123314e-09j,\n          3.4714498e-09-1.5881482e-09j,  1.5389157e-09+2.0520474e-09j,\n         -9.2191099e-09-4.7530047e-09j,  1.1236848e-08+5.4961964e-09j,\n          9.5442809e-09-3.8659215e-10j,  1.0814131e-09+1.7342779e-09j,\n         -9.6111474e-09-2.6442526e-09j,  1.9549751e-09+8.5212593e-09j]]],      dtype=complex64))
E        +          where Array([[[ 2.1733008e-10+3.7595926e-10j, -6.2764571e-09-2.3477625e-10j,\n         -3.8822645e-10+5.6958716e-10j,  2.3109994e-10-9.9641483e-11j,\n         -2.0256187e-11-3.3157047e-12j,  4.7152326e-10+4.2726606e-10j,\n          1.8566335e-10+7.1126638e-10j, -6.3705214e-09-2.2483498e-10j,\n         -3.9709117e-10+3.0141106e-10j, -3.9203949e-11+1.9918592e-12j,\n         -5.0544829e-11-3.1324186e-11j,  3.9474873e-10+9.2508140e-10j,\n         -9.8771186e-11+4.4946147e-10j,  6.4243511e-10-5.7280447e-10j,\n          1.4202839e-10-1.3617013e-11j, -4.1665112e-11-2.5132684e-11j],\n        [ 1.0000000e+00+4.8375628e-09j,  9.9999994e-01+3.3447506e-10j,\n          1.0000000e+00+7.6339299e-09j,  1.0000000e+00-5.1805484e-09j,\n          1.0000000e+00-2.6378275e-09j,  1.0000000e+00+1.0258963e-08j,\n          1.0000000e+00+7.5469275e-09j,  9.9999994e-01+6.2125287e-09j,\n          1.0000000e+00+6.6968715e-09j,  1.0000000e+00+1.7856573e-09j,\n          1.0000000e+00-1.5630732e-09j,  1.0000000e+00+1.1816752e-08j,\n          1.0000000e+00+4.5007211e-09j,  1.0000000e+00-1.0429893e-08j,\n          1.0000000e+00-4.3968824e-09j,  1.0000000e+00-1.6407976e-09j]],\n\n       [[ 1.0000000e+00+9.7596971e-09j,  1.0000000e+00-2.5274730e-10j,\n          1.0000000e+00+6.5838908e-09j,  1.0000000e+00+5.8201004e-09j,\n          1.0000000e+00-4.1890176e-09j,  1.0000000e+00+3.8027697e-09j,\n          1.0000000e+00+7.8892853e-10j,  1.0000000e+00+1.1958204e-08j,\n          1.0000000e+00+1.0441688e-09j,  1.0000000e+00+1.4875706e-09j,\n          9.9999994e-01+1.2432413e-08j,  1.0000000e+00-1.1701838e-08j,\n          1.0000000e+00+7.0345991e-09j,  1.0000000e+00-8.4765226e-09j,\n          9.9999994e-01+3.2911656e-09j,  1.0000000e+00-3.0215555e-09j],\n        [ 3.5009007e-09-1.4905021e-09j,  3.2791747e-09+2.3645033e-10j,\n          2.9989815e-09+4.3123918e-09j,  2.9749867e-09-1.7659532e-10j,\n          1.0294587e-09-9.3790387e-10j, -1.9291541e-08-6.3432712e-09j,\n          3.0828484e-09+1.3582650e-10j,  1.7478595e-08-1.0123314e-09j,\n          3.4714498e-09-1.5881482e-09j,  1.5389157e-09+2.0520474e-09j,\n         -9.2191099e-09-4.7530047e-09j,  1.1236848e-08+5.4961964e-09j,\n          9.5442809e-09-3.8659215e-10j,  1.0814131e-09+1.7342779e-09j,\n         -9.6111474e-09-2.6442526e-09j,  1.9549751e-09+8.5212593e-09j]]],      dtype=complex64) = MSLSMatrixResult(S=Array([[[ 2.1733008e-10+3.7595926e-10j, -6.2764571e-09-2.3477625e-10j,\n         -3.8822645e-10+5.6958716e-10j,  2.3109994e-10-9.9641483e-11j,\n         -2.0256187e-11-3.3157047e-12j,  4.7152326e-10+4.2726606e-10j,\n          1.8566335e-10+7.1126638e-10j, -6.3705214e-09-2.2483498e-10j,\n         -3.9709117e-10+3.0141106e-10j, -3.9203949e-11+1.9918592e-12j,\n         -5.0544829e-11-3.1324186e-11j,  3.9474873e-10+9.2508140e-10j,\n         -9.8771186e-11+4.4946147e-10j,  6.4243511e-10-5.7280447e-10j,\n          1.4202839e-10-1.3617013e-11j, -4.1665112e-11-2.5132684e-11j],\n        [ 1.0000000e+00+4.8375628e-09j,  9.9999994e-01+3.3447506e-10j,\n          1.0000000e+00+7.6339299e-09j,  1.0000000e+00-5.1805484e-09j,\n          1.0000000e+00-2.6378275e-09j,  1.0000000e+00+1.0258963e-08j,\n          1.0000000e+00+7.5469275e-09j,  9.9999994e-01+6.2125287e-09j,\n          1.0000000e+00+6.6968715e-09j,  1.0000000e+00+1.7856573e-09j,\n          1.0000000e+00-1.5630732e-09j,  1.0000000e+00+1.1816752e-08j,\n          1.0000000e+00+4.5007211e-09j,  1.0000000e+00-1.0429893e-08j,\n          1.0000000e+00-4.3968824e-09j,  1.0000000e+00-1.6407976e-09j]],\n\n       [[ 1.0000000e+00+9.7596971e-09j,  1.0000000e+00-2.5274730e-10j,\n          1.0000000e+00+6.5838908e-09j,  1.0000000e+00+5.8201004e-09j,\n          1.0000000e+00-4.1890176e-09j,  1.0000000e+00+3.8027697e-09j,\n          1.0000000e+00+7.8892853e-10j,  1.0000000e+00+1.1958204e-08j,\n          1.0000000e+00+1.0441688e-09j,  1.0000000e+00+1.4875706e-09j,\n          9.9999994e-01+1.2432413e-08j,  1.0000000e+00-1.1701838e-08j,\n          1.0000000e+00+7.0345991e-09j,  1.0000000e+00-8.4765226e-09j,\n          9.9999994e-01+3.2911656e-09j,  1.0000000e+00-3.0215555e-09j],\n        [ 3.5009007e-09-1.4905021e-09j,  3.2791747e-09+2.3645033e-10j,\n          2.9989815e-09+4.3123918e-09j,  2.9749867e-09-1.7659532e-10j,\n          1.0294587e-09-9.3790387e-10j, -1.9291541e-08-6.3432712e-09j,\n          3.0828484e-09+1.3582650e-10j,  1.7478595e-08-1.0123314e-09j,\n          3.4714498e-09-1.5881482e-09j,  1.5389157e-09+2.0520474e-09j,\n         -9.2191099e-09-4.7530047e-09j,  1.1236848e-08+5.4961964e-09j,\n          9.5442809e-09-3.8659215e-10j,  1.0814131e-09+1.7342779e-09j,\n         -9.6111474e-09-2.6442526e-09j,  1.9549751e-09+8.5212593e-09j]]],      dtype=complex64), freqs=array([2.0000000e+09, 3.0666665e+09, 4.1333335e+09, 5.2000000e+09,\n       6.2666670e+09, 7.3333330e+09, 8.4000000e+09, 9.4666670e+09,\n       1.0533333e+10, 1.1600000e+10, 1.2666667e+10, 1.3733333e+10,\n       1.4800000e+10, 1.5866667e+10, 1.6933333e+10, 1.7999999e+10],\n      dtype=float32), Z0=Array([[8.721758 -378.4478j  , 8.731071 -244.26886j ,\n        8.741889 -178.53998j , 8.752857 -139.13164j ,\n        8.7610035-112.59711j , 8.763739  -93.31319j ,\n        8.757577  -78.51283j , 8.739258  -66.67725j ,\n        8.705681  -56.903873j, 8.653917  -48.62378j ,\n        8.582073  -41.46124j , 8.488816  -35.158676j,\n        8.373924  -29.534018j, 8.2377615 -24.455223j,\n        8.081239  -19.824368j, 7.905559  -15.567674j],\n       [7.1467547-351.46228j , 7.177362 -226.91353j ,\n        7.219308 -165.9181j  , 7.270292 -129.35768j ,\n        7.3277316-104.746025j, 7.388582  -86.860565j,\n        7.448883  -73.131256j, 7.505093  -62.146656j,\n        7.552964  -53.06783j , 7.58874   -45.365475j,\n        7.608668  -38.690178j, 7.610455  -32.80248j ,\n        7.5917225 -27.533358j, 7.5511217 -22.760483j,\n        7.4879546 -18.393726j, 7.401783  -14.365663j]], dtype=complex64), beta=Array([ 36.55433 +0.j,  56.049965+0.j,  75.545616+0.j,  95.04125 +0.j,\n       114.536896+0.j, 134.03252 +0.j, 153.52818 +0.j, 173.02382 +0.j,\n       192.51945 +0.j, 212.0151  +0.j, 231.51074 +0.j, 251.00638 +0.j,\n       270.502   +0.j, 289.99768 +0.j, 309.4933  +0.j, 328.98895 +0.j],      dtype=complex64), port_names=('p1', 'p2'), reliable=array([[ True,  True,  True,  True,  True,  True,  True,  True,  True,\n         True,  True,  True,  True,  True,  True,  True],\n       [ True,  True,  True,  True,  True,  True,  True,  True,  True,\n         True,  True,  True,  True,  True,  True,  True]]), settling_db=array([-0.10449623, -0.09590992]), S_raw=None, passivity_correction=None, assembly='multi_drive_solve', cond_a=array([1.27533215, 1.27481068, 1.274065  , 1.27309126, 1.27188482,\n       1.27044193, 1.26876059, 1.26684143, 1.26469065, 1.26231971,\n       1.25974775, 1.25700169, 1.25411529, 1.25112882, 1.24808551,\n       1.2450313 ]), beta_railed=array([[ True,  True,  True,  True,  True,  True,  True,  True,  True,\n         True,  True,  True,  True,  True,  True,  True],\n       [ True,  True,  True,  True,  True,  True,  True,  True,  True,\n         True,  True,  True,  True,  True,  True,  True]])).S

tests/unit/sparams/test_msl_passivity_enforcement.py:196: AssertionError</failure></testcase></testsuite></testsuites>