<?xml version="1.0" encoding="utf-8"?><testsuites name="pytest tests"><testsuite name="pytest" errors="0" failures="0" skipped="0" tests="8" time="70.231" timestamp="2026-09-11T06:09:14.760062+00:00" hostname="run-execution-873z2bglaubw-0"><testcase classname="tests.locks.test_patch_edgefed_resonance_harminv" name="test_the_board_realizes_three_sheets_and_no_conductor_volume" time="1.455" /><testcase classname="tests.locks.test_patch_edgefed_resonance_harminv" name="test_the_cavity_between_the_two_foils_is_all_laminate" time="0.155" /><testcase classname="tests.locks.test_patch_edgefed_resonance_harminv" name="test_realized_raster_is_the_board_this_gate_was_measured_on" time="0.017" /><testcase classname="tests.locks.test_patch_edgefed_resonance_harminv" name="test_realized_raster_agrees_with_the_public_fidelity_report" time="0.083" /><testcase classname="tests.locks.test_patch_edgefed_resonance_harminv" name="test_ringdowns_are_settled" time="68.502" /><testcase classname="tests.locks.test_patch_edgefed_resonance_harminv" name="test_patch_mode_is_in_the_patch_band_and_dominates_the_feed_band" time="0.001" /><testcase classname="tests.locks.test_patch_edgefed_resonance_harminv" name="test_leg_a_isolated_patch_discretization_bias" time="0.001" /><testcase classname="tests.locks.test_patch_edgefed_resonance_harminv" name="test_leg_b_edge_feed_pull" time="0.001" /></testsuite></testsuites>