<?xml version="1.0" encoding="utf-8"?><testsuites name="pytest tests"><testsuite name="pytest" errors="0" failures="0" skipped="0" tests="2" time="4.672" timestamp="2026-09-13T15:58:30.167406+00:00" hostname="run-execution-7tmk176iay83-0"><testcase classname="tests.crossval.test_cv05_realized_sheet_planes" name="test_native_openems_keeps_the_transferred_board[0]" time="2.450" /><testcase classname="tests.crossval.test_cv05_realized_sheet_planes" name="test_native_openems_keeps_the_transferred_board[1]" time="2.171" /></testsuite></testsuites>