<?xml version="1.0" encoding="utf-8"?><testsuites name="pytest tests"><testsuite name="pytest" errors="0" failures="1" skipped="0" tests="1" time="32.446" timestamp="2026-09-11T10:33:00.284702+00:00" hostname="run-execution-dl90n5ihfkdv-0"><testcase classname="tests.unit.ports.test_msl_port_axis_generality" name="test_y_directed_thru_reproduces_the_x_directed_thru" time="32.342"><failure message="AssertionError: complex S disagreement 9.785e-04 exceeds the floor&#10;assert 0.0009785393485799432 &lt; 0.0001">@pytest.mark.slow
    def test_y_directed_thru_reproduces_the_x_directed_thru():
        """THE FALSIFIER for issue #661.
    
        Identical physical thru line, built once with the feed along x and
        once on the x&lt;-&gt;y mirrored fixture with the feed along y. Same
        structure, same mesh pitch, so every extracted quantity must agree to
        the extraction floor. If it does not, some part of the extractor was
        x-specific after all -- and that finding matters more than the
        feature.
    
        Compared on COMPLEX S: see the module docstring for why a
        magnitude-only comparison passes on the exact bug this guards.
    
        Measured (12 bins, num_periods=12, dx=80um, CPU float32)::
    
            max |S_x - S_y|        3.86e-06   (rel 3.86e-06)
            rel max |Z0_x - Z0_y|  2.14e-04
            rel max |beta_x-beta_y| 3.09e-05
            settling_db  x = [-98.47, -102.96]   y = [-98.49, -102.91]
    
        The three bounds below are NOT one number, because the three
        quantities do not share a conditioning class -- the measured spread
        is a ladder, and the ladder has a cause:
    
        * ``S`` is a V*I split at one plane plus a 2x2 ``B A^-1`` solve --
          well conditioned, lands at the float32 reassociation floor;
        * ``beta`` comes from the N-probe scan, which
          ``rfx/probes/msl_wave_decomp.py`` runs in float32 by explicit cast
          (``_estimate_beta``'s own comment records that the residual curve
          is "numerically flat in float32");
        * ``Z0 = (alpha - gamma) / I`` compounds that fit's residual through a
          DIFFERENCE of two fitted amplitudes, so it sits an order above
          beta.
    
        Each bound is the measured value with roughly an order of margin, and
        all three are &gt;= 3 orders below the failure signature they exist to
        catch (the swap measures ``max|dS| = 1.912``). ``test_equivalence_
        harness_can_move`` is the negative control for that claim.
        """
        rx, wx = _thru("x", n_freqs=12, num_periods=12)
        ry, wy = _thru("y", n_freqs=12, num_periods=12)
    
        # Preflight output is part of the result (repo rule): the two lanes
        # must raise the SAME advisories. Normalised for (a) axis letters,
        # (b) numeric literals -- the reported Z0 differs in its last printed
        # digit (57.61 vs 57.60 ohm) purely from the float32 fit above, and
        # (c) one-shot import-time DeprecationWarnings, which fire only for
        # whichever lane happens to run first in the process.
        import re
    
        def _canon(ms):
            out = []
            for m in ms:
                if "deprecated" in m.lower():
                    continue
                m = (m.replace("y-CPML", "@-CPML").replace("x-CPML", "@-CPML")
                      .replace("domain x-extent", "domain @-extent")
                      .replace("domain y-extent", "domain @-extent"))
                # #705's off-lattice census names the in-plane axis of each
                # conductor-Box edge ("'pec' y: extent 600µm ..."); under the
                # x&lt;-&gt;y rotation that letter legitimately swaps, so it is
                # masked like the other axis spellings above. z is the
                # substrate normal on both lanes and stays.
                m = re.sub(r"(?&lt;=\s)([xy])(?=: extent )", "@", m)
                out.append(re.sub(r"[-+]?\d[\d.,]*(?:[eE][-+]?\d+)?", "#", m))
            return sorted(out)
    
        cx, cy = _canon(wx), _canon(wy)
        assert cx == cy, (
            "the two lanes produced different advisories:\n"
            f"only in x: {[m for m in cx if m not in cy]}\n"
            f"only in y: {[m for m in cy if m not in cx]}"
        )
    
        Sx, Sy = np.asarray(rx.S), np.asarray(ry.S)
        Zx, Zy = np.asarray(rx.Z0), np.asarray(ry.Z0)
        Bx, By = np.asarray(rx.beta), np.asarray(ry.beta)
        assert np.allclose(rx.freqs, ry.freqs)
    
        d_s = float(np.max(np.abs(Sx - Sy)))
        d_z = float(np.max(np.abs(Zx - Zy)) / max(np.max(np.abs(Zx)), 1e-30))
        d_b = float(np.max(np.abs(Bx - By)) / max(np.max(np.abs(Bx)), 1e-30))
        print(f"\n[#661 equivalence] max|dS|={d_s:.3e} rel dZ0={d_z:.3e} "
              f"rel dbeta={d_b:.3e}")
        print(f"[#661 equivalence] settling_db x={np.asarray(rx.settling_db)} "
              f"y={np.asarray(ry.settling_db)}")
    
        # Ring-down settling witness: fixed-length open-domain records must
        # quote end/peak energy before any claims-bearing number.
        for tag, r in (("x", rx), ("y", ry)):
            sd = np.asarray(r.settling_db, dtype=float)
            assert np.all(sd &lt; -40.0), (
                f"{tag} lane under-settled (settling_db={sd}); the equivalence "
                f"comparison would be reading truncation, not physics"
            )
    
&gt;       assert d_s &lt; 1e-4, f"complex S disagreement {d_s:.3e} exceeds the floor"
E       AssertionError: complex S disagreement 9.785e-04 exceeds the floor
E       assert 0.0009785393485799432 &lt; 0.0001

tests/unit/ports/test_msl_port_axis_generality.py:696: AssertionError</failure></testcase></testsuite></testsuites>